<?xml version="1.0" encoding="UTF-8"?>
<!-- Generated by org.testng.reporters.JUnitReportReporter -->
<testsuite hostname="Vijays-MacBook-Pro.local" name="com.pack.program.NewTest" tests="1" failures="0" timestamp="4 Feb 2016 23:21:00 GMT" time="0.018" errors="0">
  <testcase name="f" time="0.018" classname="com.pack.program.NewTest"/>
</testsuite> <!-- com.pack.program.NewTest -->
