<?xml version="1.0" encoding="UTF-8"?>
<!-- Generated by org.testng.reporters.JUnitReportReporter -->
<testsuite hostname="Vijays-MacBook-Pro.local" name="testprograms.TestFactorial" tests="1" failures="0" timestamp="4 Feb 2016 23:40:29 GMT" time="0.015" errors="0">
  <testcase name="testFactorail" time="0.015" classname="testprograms.TestFactorial"/>
</testsuite> <!-- testprograms.TestFactorial -->
