<?xml version="1.0" encoding="UTF-8"?>
<!-- Generated by org.testng.reporters.JUnitReportReporter -->
<testsuite hostname="Vijays-MacBook-Pro.local" name="testprograms.NewTest" tests="1" failures="0" timestamp="4 Feb 2016 23:23:38 GMT" time="0.017" errors="0">
  <testcase name="f" time="0.017" classname="testprograms.NewTest"/>
</testsuite> <!-- testprograms.NewTest -->
